
ROM used:   125/8192 (2%)
            125/8192 (2%) including unused fragments

            0.2 Average locations per line
            9.6 Average locations per statement

RAM used:   13/368 (4%) at main() level
            14/368 (4%) worst case

Stack used: 2 worst case (1 in main + 1 for interrupts)
Stack size: 8

Lines Stmts  %   Files
----- ----- ---  -----
   38    13 100  Source_Code.c
  671     0   0  C:\Program Files (x86)\PICC\Devices\16f877a.h
----- -----
  709    13 Total

Page ROM  %  RAM   Vol Diff  Functions:
---- --- --- ---   --- ----  ----------
0     23  18    1             @delay_ms1
0      9   7    0    21  0.9  INT_RB0
0     20  16    0   134  1.3  configurar_hardware
0     26  21    1    67  1.6  MAIN
 Inline         0             @cinit1

Program metrics:
    Functions               3
    Statements              13
    Comments                142
    Volume (V)              304
    Difficulty (D)          3.8
    Effort to implement (E) 1151
    Time to implement (T)   1 minutes
    Est Delivered Bugs (B)  0
    Cyclomatic Complexity   1
    Maintainability (MI)    76

 Segment     Used  Free
-----------  ----  ----
00000-00003     4  0  
00004-0002E    43  0  
0002F-007FF    78  1923  
00800-00FFF     0  2048  
01000-017FF     0  2048  
01800-01FFF     0  2048  



